yarn run v1.13.0
$ react-scripts start
Starting the development server...

Compiled with warnings.

./src/modules/views/AppAppBar.js
  Line 10:   'ReactCountdownClock' is defined but never used   no-unused-vars
  Line 30:  'timer' is assigned a value but never used        no-unused-vars
  Line 31:  'showLoading' is assigned a value but never used  no-unused-vars

./src/modules/components/myHambergerMenu.js
  Line 34:  The href attribute is required for an anchor to be keyboard accessible. Provide a valid, navigable address as the href value. If you cannot provide an href, but still need the element to resemble a link, use a button and change it with appropriate styles. Learn more: https://github.com/evcohen/eslint-plugin-jsx-a11y/blob/master/docs/rules/anchor-is-valid.md  jsx-a11y/anchor-is-valid
  Line 58:  img elements must have an alt prop, either with meaningful text, or an empty string for decorative images                                                                                                                                                                                                                                                                jsx-a11y/alt-text

./src/modules/views/AppChoice.js
  Line 429:  img elements must have an alt prop, either with meaningful text, or an empty string for decorative images  jsx-a11y/alt-text
  Line 477:  img elements must have an alt prop, either with meaningful text, or an empty string for decorative images  jsx-a11y/alt-text
  Line 493:  img elements must have an alt prop, either with meaningful text, or an empty string for decorative images  jsx-a11y/alt-text

./src/Home.js
  Line 6:  'AppFooter' is defined but never used  no-unused-vars

Search for the keywords to learn more about each warning.
To ignore, add // eslint-disable-next-line to the line before.

Compiling...
Compiled with warnings.

./src/modules/views/AppAppBar.js
  Line 10:   'ReactCountdownClock' is defined but never used   no-unused-vars
  Line 30:  'timer' is assigned a value but never used        no-unused-vars
  Line 31:  'showLoading' is assigned a value but never used  no-unused-vars

./src/modules/components/myHambergerMenu.js
  Line 34:  The href attribute is required for an anchor to be keyboard accessible. Provide a valid, navigable address as the href value. If you cannot provide an href, but still need the element to resemble a link, use a button and change it with appropriate styles. Learn more: https://github.com/evcohen/eslint-plugin-jsx-a11y/blob/master/docs/rules/anchor-is-valid.md  jsx-a11y/anchor-is-valid
  Line 58:  img elements must have an alt prop, either with meaningful text, or an empty string for decorative images                                                                                                                                                                                                                                                                jsx-a11y/alt-text

./src/modules/views/AppChoice.js
  Line 429:  img elements must have an alt prop, either with meaningful text, or an empty string for decorative images  jsx-a11y/alt-text
  Line 477:  img elements must have an alt prop, either with meaningful text, or an empty string for decorative images  jsx-a11y/alt-text
  Line 493:  img elements must have an alt prop, either with meaningful text, or an empty string for decorative images  jsx-a11y/alt-text

./src/Home.js
  Line 6:  'AppFooter' is defined but never used  no-unused-vars

Search for the keywords to learn more about each warning.
To ignore, add // eslint-disable-next-line to the line before.

Compiling...
Compiled with warnings.

./src/modules/views/AppAppBar.js
  Line 10:   'ReactCountdownClock' is defined but never used   no-unused-vars
  Line 30:  'timer' is assigned a value but never used        no-unused-vars
  Line 31:  'showLoading' is assigned a value but never used  no-unused-vars

./src/modules/components/myHambergerMenu.js
  Line 34:  The href attribute is required for an anchor to be keyboard accessible. Provide a valid, navigable address as the href value. If you cannot provide an href, but still need the element to resemble a link, use a button and change it with appropriate styles. Learn more: https://github.com/evcohen/eslint-plugin-jsx-a11y/blob/master/docs/rules/anchor-is-valid.md  jsx-a11y/anchor-is-valid
  Line 58:  img elements must have an alt prop, either with meaningful text, or an empty string for decorative images                                                                                                                                                                                                                                                                jsx-a11y/alt-text

./src/modules/views/AppChoice.js
  Line 429:  img elements must have an alt prop, either with meaningful text, or an empty string for decorative images  jsx-a11y/alt-text
  Line 477:  img elements must have an alt prop, either with meaningful text, or an empty string for decorative images  jsx-a11y/alt-text
  Line 493:  img elements must have an alt prop, either with meaningful text, or an empty string for decorative images  jsx-a11y/alt-text

./src/Home.js
  Line 6:  'AppFooter' is defined but never used  no-unused-vars

Search for the keywords to learn more about each warning.
To ignore, add // eslint-disable-next-line to the line before.

